<?xml version="1.0" encoding="UTF-8"?>
<testng-results ignored="0" total="3" passed="3" failed="0" skipped="0">
  <reporter-output>
  </reporter-output>
  <suite started-at="2024-01-11T12:35:07 IST" name="Suite" finished-at="2024-01-11T12:35:19 IST" duration-ms="12014">
    <groups>
    </groups>
    <test started-at="2024-01-11T12:35:07 IST" name="ChromeTest" finished-at="2024-01-11T12:35:11 IST" duration-ms="4707">
      <class name="devops_Assign.AmazonCrossBrowserTest">
        <test-method signature="browserTest(java.lang.String)[pri:0, instance:devops_Assign.AmazonCrossBrowserTest@17497425]" started-at="2024-01-11T12:35:07 IST" name="browserTest" finished-at="2024-01-11T12:35:11 IST" duration-ms="4621" status="PASS">
          <params>
            <param index="0">
              <value>
                <![CDATA[Chrome]]>
              </value>
            </param>
          </params>
          <reporter-output>
          </reporter-output>
        </test-method> <!-- browserTest -->
      </class> <!-- devops_Assign.AmazonCrossBrowserTest -->
    </test> <!-- ChromeTest -->
    <test started-at="2024-01-11T12:35:07 IST" name="EdgeTest" finished-at="2024-01-11T12:35:14 IST" duration-ms="7700">
      <class name="devops_Assign.AmazonCrossBrowserTest">
        <test-method signature="browserTest(java.lang.String)[pri:0, instance:devops_Assign.AmazonCrossBrowserTest@1c7696c6]" started-at="2024-01-11T12:35:07 IST" name="browserTest" finished-at="2024-01-11T12:35:14 IST" duration-ms="7623" status="PASS">
          <params>
            <param index="0">
              <value>
                <![CDATA[edge]]>
              </value>
            </param>
          </params>
          <reporter-output>
          </reporter-output>
        </test-method> <!-- browserTest -->
      </class> <!-- devops_Assign.AmazonCrossBrowserTest -->
    </test> <!-- EdgeTest -->
    <test started-at="2024-01-11T12:35:07 IST" name="firefoxTest" finished-at="2024-01-11T12:35:19 IST" duration-ms="12014">
      <class name="devops_Assign.AmazonCrossBrowserTest">
        <test-method signature="browserTest(java.lang.String)[pri:0, instance:devops_Assign.AmazonCrossBrowserTest@1ffaf86]" started-at="2024-01-11T12:35:07 IST" name="browserTest" finished-at="2024-01-11T12:35:19 IST" duration-ms="11936" status="PASS">
          <params>
            <param index="0">
              <value>
                <![CDATA[firefox]]>
              </value>
            </param>
          </params>
          <reporter-output>
          </reporter-output>
        </test-method> <!-- browserTest -->
      </class> <!-- devops_Assign.AmazonCrossBrowserTest -->
    </test> <!-- firefoxTest -->
  </suite> <!-- Suite -->
</testng-results>
